<?xml version="1.0" encoding="UTF-8"?>
<!-- Generated by org.testng.reporters.JUnitReportReporter -->
<testsuite hostname="DESKTOP-6DKNH69" failures="0" tests="2" name="TestRunner.Runnerfile" time="49.708" errors="0" timestamp="2024-12-30T20:32:39 IST" skipped="0">
  <testcase classname="TestRunner.Runnerfile" name="runScenario" time="19.066"/>
  <system-out/>
  <testcase classname="TestRunner.Runnerfile" name="runScenario" time="30.642"/>
  <system-out/>
</testsuite> <!-- TestRunner.Runnerfile -->
